0 info it worked if it ends with ok
1 verbose cli [ '/usr/local/bin/node',
1 verbose cli   '/usr/local/bin/npm',
1 verbose cli   'run',
1 verbose cli   '-script',
1 verbose cli   'build:sass' ]
2 info using npm@3.10.3
3 info using node@v6.5.0
4 verbose run-script [ 'prebuild:sass', 'build:sass', 'postbuild:sass' ]
5 info lifecycle my-app@0.0.0~prebuild:sass: my-app@0.0.0
6 silly lifecycle my-app@0.0.0~prebuild:sass: no script for prebuild:sass, continuing
7 info lifecycle my-app@0.0.0~build:sass: my-app@0.0.0
8 verbose lifecycle my-app@0.0.0~build:sass: unsafe-perm in lifecycle true
9 verbose lifecycle my-app@0.0.0~build:sass: PATH: /usr/local/lib/node_modules/npm/bin/node-gyp-bin:/Users/MacAir/Projects/shelter-project/OpenReferral-DataGuardUI/node_modules/.bin:/usr/local/bin:/bin:/sbin:/usr/bin:/usr/local/sbin:/usr/local/bin:/Users/MacAir/.rvm/gems/ruby-2.3.1/bin:/Users/MacAir/.rvm/gems/ruby-2.3.1@global/bin:/Users/MacAir/.rvm/rubies/ruby-2.3.1/bin:/usr/bin:/bin:/usr/sbin:/sbin:/usr/local/bin:/usr/local/MacGPG2/bin:/Users/MacAir/.rvm/bin:/Users/MacAir/.rvm/bin:/Users/MacAir/Projects/phalcon-devtools
10 verbose lifecycle my-app@0.0.0~build:sass: CWD: /Users/MacAir/Projects/shelter-project/OpenReferral-DataGuardUI
11 silly lifecycle my-app@0.0.0~build:sass: Args: [ '-c', 'node-sass APP/banner/ -o APP/banner/' ]
12 silly lifecycle my-app@0.0.0~build:sass: Returned: code: 1  signal: null
13 info lifecycle my-app@0.0.0~build:sass: Failed to exec build:sass script
14 verbose stack Error: my-app@0.0.0 build:sass: `node-sass APP/banner/ -o APP/banner/`
14 verbose stack Exit status 1
14 verbose stack     at EventEmitter.<anonymous> (/usr/local/lib/node_modules/npm/lib/utils/lifecycle.js:242:16)
14 verbose stack     at emitTwo (events.js:106:13)
14 verbose stack     at EventEmitter.emit (events.js:191:7)
14 verbose stack     at ChildProcess.<anonymous> (/usr/local/lib/node_modules/npm/lib/utils/spawn.js:40:14)
14 verbose stack     at emitTwo (events.js:106:13)
14 verbose stack     at ChildProcess.emit (events.js:191:7)
14 verbose stack     at maybeClose (internal/child_process.js:877:16)
14 verbose stack     at Process.ChildProcess._handle.onexit (internal/child_process.js:226:5)
15 verbose pkgid my-app@0.0.0
16 verbose cwd /Users/MacAir/Projects/shelter-project/OpenReferral-DataGuardUI
17 error Darwin 16.6.0
18 error argv "/usr/local/bin/node" "/usr/local/bin/npm" "run" "-script" "build:sass"
19 error node v6.5.0
20 error npm  v3.10.3
21 error code ELIFECYCLE
22 error my-app@0.0.0 build:sass: `node-sass APP/banner/ -o APP/banner/`
22 error Exit status 1
23 error Failed at the my-app@0.0.0 build:sass script 'node-sass APP/banner/ -o APP/banner/'.
23 error Make sure you have the latest version of node.js and npm installed.
23 error If you do, this is most likely a problem with the my-app package,
23 error not with npm itself.
23 error Tell the author that this fails on your system:
23 error     node-sass APP/banner/ -o APP/banner/
23 error You can get information on how to open an issue for this project with:
23 error     npm bugs my-app
23 error Or if that isn't available, you can get their info via:
23 error     npm owner ls my-app
23 error There is likely additional logging output above.
24 verbose exit [ 1, true ]
